<!DOCTYPE suite SYSTEM "http://testng.org/testng-1.0.dtd" >
<suite name="installment-api-test-project" configfailurepolicy="continue">
    <test name="installment-api-acceptance-tests">
        <classes>
            <class name="InstallmentApiTest"></class>
        </classes>
    </test>
</suite>